[2024-05-30 11:17:20] local.ERROR: Array to string conversion {"exception":"[object] (ErrorException(code: 0): Array to string conversion at D:\\AungKyawHtwe\\Projects\\TableEZ\\TableEZ\\backend\\vendor\\laravel\\framework\\src\\Illuminate\\Routing\\ResourceRegistrar.php:616)
[stacktrace]
#0 D:\\AungKyawHtwe\\Projects\\TableEZ\\TableEZ\\backend\\vendor\\laravel\\framework\\src\\Illuminate\\Foundation\\Bootstrap\\HandleExceptions.php(256): Illuminate\\Foundation\\Bootstrap\\HandleExceptions->handleError(2, 'Array to string...', 'D:\\\\AungKyawHtwe...', 616)
#1 D:\\AungKyawHtwe\\Projects\\TableEZ\\TableEZ\\backend\\vendor\\laravel\\framework\\src\\Illuminate\\Routing\\ResourceRegistrar.php(616): Illuminate\\Foundation\\Bootstrap\\HandleExceptions->Illuminate\\Foundation\\Bootstrap\\{closure}(2, 'Array to string...', 'D:\\\\AungKyawHtwe...', 616)
#2 D:\\AungKyawHtwe\\Projects\\TableEZ\\TableEZ\\backend\\vendor\\laravel\\framework\\src\\Illuminate\\Routing\\ResourceRegistrar.php(275): Illuminate\\Routing\\ResourceRegistrar->getResourceAction('user', Array, 'index', Array)
#3 D:\\AungKyawHtwe\\Projects\\TableEZ\\TableEZ\\backend\\vendor\\laravel\\framework\\src\\Illuminate\\Routing\\ResourceRegistrar.php(107): Illuminate\\Routing\\ResourceRegistrar->addResourceIndex('user', 'user', Array, Array)
#4 D:\\AungKyawHtwe\\Projects\\TableEZ\\TableEZ\\backend\\vendor\\laravel\\framework\\src\\Illuminate\\Routing\\PendingResourceRegistration.php(252): Illuminate\\Routing\\ResourceRegistrar->register('user', Array, Array)
#5 D:\\AungKyawHtwe\\Projects\\TableEZ\\TableEZ\\backend\\vendor\\laravel\\framework\\src\\Illuminate\\Routing\\PendingResourceRegistration.php(265): Illuminate\\Routing\\PendingResourceRegistration->register()
#6 D:\\AungKyawHtwe\\Projects\\TableEZ\\TableEZ\\backend\\vendor\\laravel\\framework\\src\\Illuminate\\Routing\\Router.php(341): Illuminate\\Routing\\PendingResourceRegistration->__destruct()
#7 D:\\AungKyawHtwe\\Projects\\TableEZ\\TableEZ\\backend\\vendor\\laravel\\framework\\src\\Illuminate\\Routing\\ResourceRegistrar.php(192): Illuminate\\Routing\\Router->resource('user', Array, Array)
#8 D:\\AungKyawHtwe\\Projects\\TableEZ\\TableEZ\\backend\\vendor\\laravel\\framework\\src\\Illuminate\\Routing\\Router.php(509): Illuminate\\Routing\\ResourceRegistrar->Illuminate\\Routing\\{closure}(Object(Illuminate\\Routing\\Router))
#9 D:\\AungKyawHtwe\\Projects\\TableEZ\\TableEZ\\backend\\vendor\\laravel\\framework\\src\\Illuminate\\Routing\\Router.php(465): Illuminate\\Routing\\Router->loadRoutes(Object(Closure))
#10 D:\\AungKyawHtwe\\Projects\\TableEZ\\TableEZ\\backend\\vendor\\laravel\\framework\\src\\Illuminate\\Routing\\ResourceRegistrar.php(195): Illuminate\\Routing\\Router->group(Array, Object(Closure))
#11 D:\\AungKyawHtwe\\Projects\\TableEZ\\TableEZ\\backend\\vendor\\laravel\\framework\\src\\Illuminate\\Routing\\ResourceRegistrar.php(90): Illuminate\\Routing\\ResourceRegistrar->prefixedResource('user', Array, Array)
#12 D:\\AungKyawHtwe\\Projects\\TableEZ\\TableEZ\\backend\\vendor\\laravel\\framework\\src\\Illuminate\\Routing\\PendingResourceRegistration.php(252): Illuminate\\Routing\\ResourceRegistrar->register('/user', Array, Array)
#13 D:\\AungKyawHtwe\\Projects\\TableEZ\\TableEZ\\backend\\vendor\\laravel\\framework\\src\\Illuminate\\Routing\\PendingResourceRegistration.php(265): Illuminate\\Routing\\PendingResourceRegistration->register()
#14 D:\\AungKyawHtwe\\Projects\\TableEZ\\TableEZ\\backend\\vendor\\laravel\\framework\\src\\Illuminate\\Support\\Facades\\Facade.php(357): Illuminate\\Routing\\PendingResourceRegistration->__destruct()
#15 D:\\AungKyawHtwe\\Projects\\TableEZ\\TableEZ\\backend\\routes\\api.php(22): Illuminate\\Support\\Facades\\Facade::__callStatic('resource', Array)
#16 D:\\AungKyawHtwe\\Projects\\TableEZ\\TableEZ\\backend\\vendor\\laravel\\framework\\src\\Illuminate\\Routing\\RouteFileRegistrar.php(35): require('D:\\\\AungKyawHtwe...')
#17 D:\\AungKyawHtwe\\Projects\\TableEZ\\TableEZ\\backend\\vendor\\laravel\\framework\\src\\Illuminate\\Routing\\Router.php(511): Illuminate\\Routing\\RouteFileRegistrar->register('D:\\\\AungKyawHtwe...')
#18 D:\\AungKyawHtwe\\Projects\\TableEZ\\TableEZ\\backend\\vendor\\laravel\\framework\\src\\Illuminate\\Routing\\Router.php(465): Illuminate\\Routing\\Router->loadRoutes('D:\\\\AungKyawHtwe...')
#19 D:\\AungKyawHtwe\\Projects\\TableEZ\\TableEZ\\backend\\vendor\\laravel\\framework\\src\\Illuminate\\Routing\\RouteRegistrar.php(194): Illuminate\\Routing\\Router->group(Array, 'D:\\\\AungKyawHtwe...')
#20 D:\\AungKyawHtwe\\Projects\\TableEZ\\TableEZ\\backend\\vendor\\laravel\\framework\\src\\Illuminate\\Foundation\\Configuration\\ApplicationBuilder.php(201): Illuminate\\Routing\\RouteRegistrar->group('D:\\\\AungKyawHtwe...')
#21 D:\\AungKyawHtwe\\Projects\\TableEZ\\TableEZ\\backend\\vendor\\laravel\\framework\\src\\Illuminate\\Container\\BoundMethod.php(36): Illuminate\\Foundation\\Configuration\\ApplicationBuilder->Illuminate\\Foundation\\Configuration\\{closure}()
#22 D:\\AungKyawHtwe\\Projects\\TableEZ\\TableEZ\\backend\\vendor\\laravel\\framework\\src\\Illuminate\\Container\\Util.php(41): Illuminate\\Container\\BoundMethod::Illuminate\\Container\\{closure}()
#23 D:\\AungKyawHtwe\\Projects\\TableEZ\\TableEZ\\backend\\vendor\\laravel\\framework\\src\\Illuminate\\Container\\BoundMethod.php(81): Illuminate\\Container\\Util::unwrapIfClosure(Object(Closure))
#24 D:\\AungKyawHtwe\\Projects\\TableEZ\\TableEZ\\backend\\vendor\\laravel\\framework\\src\\Illuminate\\Container\\BoundMethod.php(35): Illuminate\\Container\\BoundMethod::callBoundMethod(Object(Illuminate\\Foundation\\Application), Object(Closure), Object(Closure))
#25 D:\\AungKyawHtwe\\Projects\\TableEZ\\TableEZ\\backend\\vendor\\laravel\\framework\\src\\Illuminate\\Container\\Container.php(662): Illuminate\\Container\\BoundMethod::call(Object(Illuminate\\Foundation\\Application), Object(Closure), Array, NULL)
#26 D:\\AungKyawHtwe\\Projects\\TableEZ\\TableEZ\\backend\\vendor\\laravel\\framework\\src\\Illuminate\\Foundation\\Support\\Providers\\RouteServiceProvider.php(162): Illuminate\\Container\\Container->call(Object(Closure))
#27 D:\\AungKyawHtwe\\Projects\\TableEZ\\TableEZ\\backend\\vendor\\laravel\\framework\\src\\Illuminate\\Foundation\\Support\\Providers\\RouteServiceProvider.php(59): Illuminate\\Foundation\\Support\\Providers\\RouteServiceProvider->loadRoutes()
#28 D:\\AungKyawHtwe\\Projects\\TableEZ\\TableEZ\\backend\\vendor\\laravel\\framework\\src\\Illuminate\\Container\\BoundMethod.php(36): Illuminate\\Foundation\\Support\\Providers\\RouteServiceProvider->Illuminate\\Foundation\\Support\\Providers\\{closure}()
#29 D:\\AungKyawHtwe\\Projects\\TableEZ\\TableEZ\\backend\\vendor\\laravel\\framework\\src\\Illuminate\\Container\\Util.php(41): Illuminate\\Container\\BoundMethod::Illuminate\\Container\\{closure}()
#30 D:\\AungKyawHtwe\\Projects\\TableEZ\\TableEZ\\backend\\vendor\\laravel\\framework\\src\\Illuminate\\Container\\BoundMethod.php(81): Illuminate\\Container\\Util::unwrapIfClosure(Object(Closure))
#31 D:\\AungKyawHtwe\\Projects\\TableEZ\\TableEZ\\backend\\vendor\\laravel\\framework\\src\\Illuminate\\Container\\BoundMethod.php(35): Illuminate\\Container\\BoundMethod::callBoundMethod(Object(Illuminate\\Foundation\\Application), Object(Closure), Object(Closure))
#32 D:\\AungKyawHtwe\\Projects\\TableEZ\\TableEZ\\backend\\vendor\\laravel\\framework\\src\\Illuminate\\Container\\Container.php(662): Illuminate\\Container\\BoundMethod::call(Object(Illuminate\\Foundation\\Application), Object(Closure), Array, NULL)
#33 D:\\AungKyawHtwe\\Projects\\TableEZ\\TableEZ\\backend\\vendor\\laravel\\framework\\src\\Illuminate\\Support\\ServiceProvider.php(126): Illuminate\\Container\\Container->call(Object(Closure))
#34 D:\\AungKyawHtwe\\Projects\\TableEZ\\TableEZ\\backend\\vendor\\laravel\\framework\\src\\Illuminate\\Foundation\\Application.php(1110): Illuminate\\Support\\ServiceProvider->callBootedCallbacks()
#35 D:\\AungKyawHtwe\\Projects\\TableEZ\\TableEZ\\backend\\vendor\\laravel\\framework\\src\\Illuminate\\Foundation\\Application.php(1088): Illuminate\\Foundation\\Application->bootProvider(Object(Illuminate\\Foundation\\Support\\Providers\\RouteServiceProvider))
#36 [internal function]: Illuminate\\Foundation\\Application->Illuminate\\Foundation\\{closure}(Object(Illuminate\\Foundation\\Support\\Providers\\RouteServiceProvider), 'Illuminate\\\\Foun...')
#37 D:\\AungKyawHtwe\\Projects\\TableEZ\\TableEZ\\backend\\vendor\\laravel\\framework\\src\\Illuminate\\Foundation\\Application.php(1087): array_walk(Array, Object(Closure))
#38 D:\\AungKyawHtwe\\Projects\\TableEZ\\TableEZ\\backend\\vendor\\laravel\\framework\\src\\Illuminate\\Foundation\\Bootstrap\\BootProviders.php(17): Illuminate\\Foundation\\Application->boot()
#39 D:\\AungKyawHtwe\\Projects\\TableEZ\\TableEZ\\backend\\vendor\\laravel\\framework\\src\\Illuminate\\Foundation\\Application.php(309): Illuminate\\Foundation\\Bootstrap\\BootProviders->bootstrap(Object(Illuminate\\Foundation\\Application))
#40 D:\\AungKyawHtwe\\Projects\\TableEZ\\TableEZ\\backend\\vendor\\laravel\\framework\\src\\Illuminate\\Foundation\\Console\\Kernel.php(470): Illuminate\\Foundation\\Application->bootstrapWith(Array)
#41 D:\\AungKyawHtwe\\Projects\\TableEZ\\TableEZ\\backend\\vendor\\laravel\\framework\\src\\Illuminate\\Foundation\\Console\\Kernel.php(194): Illuminate\\Foundation\\Console\\Kernel->bootstrap()
#42 D:\\AungKyawHtwe\\Projects\\TableEZ\\TableEZ\\backend\\vendor\\laravel\\framework\\src\\Illuminate\\Foundation\\Application.php(1191): Illuminate\\Foundation\\Console\\Kernel->handle(Object(Symfony\\Component\\Console\\Input\\ArgvInput), Object(Symfony\\Component\\Console\\Output\\ConsoleOutput))
#43 D:\\AungKyawHtwe\\Projects\\TableEZ\\TableEZ\\backend\\artisan(13): Illuminate\\Foundation\\Application->handleCommand(Object(Symfony\\Component\\Console\\Input\\ArgvInput))
#44 {main}
"} 
[2024-05-30 11:17:57] local.ERROR: Array to string conversion {"exception":"[object] (ErrorException(code: 0): Array to string conversion at D:\\AungKyawHtwe\\Projects\\TableEZ\\TableEZ\\backend\\vendor\\laravel\\framework\\src\\Illuminate\\Routing\\ResourceRegistrar.php:616)
[stacktrace]
#0 D:\\AungKyawHtwe\\Projects\\TableEZ\\TableEZ\\backend\\vendor\\laravel\\framework\\src\\Illuminate\\Foundation\\Bootstrap\\HandleExceptions.php(256): Illuminate\\Foundation\\Bootstrap\\HandleExceptions->handleError(2, 'Array to string...', 'D:\\\\AungKyawHtwe...', 616)
#1 D:\\AungKyawHtwe\\Projects\\TableEZ\\TableEZ\\backend\\vendor\\laravel\\framework\\src\\Illuminate\\Routing\\ResourceRegistrar.php(616): Illuminate\\Foundation\\Bootstrap\\HandleExceptions->Illuminate\\Foundation\\Bootstrap\\{closure}(2, 'Array to string...', 'D:\\\\AungKyawHtwe...', 616)
#2 D:\\AungKyawHtwe\\Projects\\TableEZ\\TableEZ\\backend\\vendor\\laravel\\framework\\src\\Illuminate\\Routing\\ResourceRegistrar.php(275): Illuminate\\Routing\\ResourceRegistrar->getResourceAction('user', Array, 'index', Array)
#3 D:\\AungKyawHtwe\\Projects\\TableEZ\\TableEZ\\backend\\vendor\\laravel\\framework\\src\\Illuminate\\Routing\\ResourceRegistrar.php(107): Illuminate\\Routing\\ResourceRegistrar->addResourceIndex('user', 'user', Array, Array)
#4 D:\\AungKyawHtwe\\Projects\\TableEZ\\TableEZ\\backend\\vendor\\laravel\\framework\\src\\Illuminate\\Routing\\PendingResourceRegistration.php(252): Illuminate\\Routing\\ResourceRegistrar->register('user', Array, Array)
#5 D:\\AungKyawHtwe\\Projects\\TableEZ\\TableEZ\\backend\\vendor\\laravel\\framework\\src\\Illuminate\\Routing\\PendingResourceRegistration.php(265): Illuminate\\Routing\\PendingResourceRegistration->register()
#6 D:\\AungKyawHtwe\\Projects\\TableEZ\\TableEZ\\backend\\vendor\\laravel\\framework\\src\\Illuminate\\Routing\\Router.php(341): Illuminate\\Routing\\PendingResourceRegistration->__destruct()
#7 D:\\AungKyawHtwe\\Projects\\TableEZ\\TableEZ\\backend\\vendor\\laravel\\framework\\src\\Illuminate\\Routing\\ResourceRegistrar.php(192): Illuminate\\Routing\\Router->resource('user', Array, Array)
#8 D:\\AungKyawHtwe\\Projects\\TableEZ\\TableEZ\\backend\\vendor\\laravel\\framework\\src\\Illuminate\\Routing\\Router.php(509): Illuminate\\Routing\\ResourceRegistrar->Illuminate\\Routing\\{closure}(Object(Illuminate\\Routing\\Router))
#9 D:\\AungKyawHtwe\\Projects\\TableEZ\\TableEZ\\backend\\vendor\\laravel\\framework\\src\\Illuminate\\Routing\\Router.php(465): Illuminate\\Routing\\Router->loadRoutes(Object(Closure))
#10 D:\\AungKyawHtwe\\Projects\\TableEZ\\TableEZ\\backend\\vendor\\laravel\\framework\\src\\Illuminate\\Routing\\ResourceRegistrar.php(195): Illuminate\\Routing\\Router->group(Array, Object(Closure))
#11 D:\\AungKyawHtwe\\Projects\\TableEZ\\TableEZ\\backend\\vendor\\laravel\\framework\\src\\Illuminate\\Routing\\ResourceRegistrar.php(90): Illuminate\\Routing\\ResourceRegistrar->prefixedResource('user', Array, Array)
#12 D:\\AungKyawHtwe\\Projects\\TableEZ\\TableEZ\\backend\\vendor\\laravel\\framework\\src\\Illuminate\\Routing\\PendingResourceRegistration.php(252): Illuminate\\Routing\\ResourceRegistrar->register('/user', Array, Array)
#13 D:\\AungKyawHtwe\\Projects\\TableEZ\\TableEZ\\backend\\vendor\\laravel\\framework\\src\\Illuminate\\Routing\\PendingResourceRegistration.php(265): Illuminate\\Routing\\PendingResourceRegistration->register()
#14 D:\\AungKyawHtwe\\Projects\\TableEZ\\TableEZ\\backend\\vendor\\laravel\\framework\\src\\Illuminate\\Support\\Facades\\Facade.php(357): Illuminate\\Routing\\PendingResourceRegistration->__destruct()
#15 D:\\AungKyawHtwe\\Projects\\TableEZ\\TableEZ\\backend\\routes\\api.php(22): Illuminate\\Support\\Facades\\Facade::__callStatic('resource', Array)
#16 D:\\AungKyawHtwe\\Projects\\TableEZ\\TableEZ\\backend\\vendor\\laravel\\framework\\src\\Illuminate\\Routing\\RouteFileRegistrar.php(35): require('D:\\\\AungKyawHtwe...')
#17 D:\\AungKyawHtwe\\Projects\\TableEZ\\TableEZ\\backend\\vendor\\laravel\\framework\\src\\Illuminate\\Routing\\Router.php(511): Illuminate\\Routing\\RouteFileRegistrar->register('D:\\\\AungKyawHtwe...')
#18 D:\\AungKyawHtwe\\Projects\\TableEZ\\TableEZ\\backend\\vendor\\laravel\\framework\\src\\Illuminate\\Routing\\Router.php(465): Illuminate\\Routing\\Router->loadRoutes('D:\\\\AungKyawHtwe...')
#19 D:\\AungKyawHtwe\\Projects\\TableEZ\\TableEZ\\backend\\vendor\\laravel\\framework\\src\\Illuminate\\Routing\\RouteRegistrar.php(194): Illuminate\\Routing\\Router->group(Array, 'D:\\\\AungKyawHtwe...')
#20 D:\\AungKyawHtwe\\Projects\\TableEZ\\TableEZ\\backend\\vendor\\laravel\\framework\\src\\Illuminate\\Foundation\\Configuration\\ApplicationBuilder.php(201): Illuminate\\Routing\\RouteRegistrar->group('D:\\\\AungKyawHtwe...')
#21 D:\\AungKyawHtwe\\Projects\\TableEZ\\TableEZ\\backend\\vendor\\laravel\\framework\\src\\Illuminate\\Container\\BoundMethod.php(36): Illuminate\\Foundation\\Configuration\\ApplicationBuilder->Illuminate\\Foundation\\Configuration\\{closure}()
#22 D:\\AungKyawHtwe\\Projects\\TableEZ\\TableEZ\\backend\\vendor\\laravel\\framework\\src\\Illuminate\\Container\\Util.php(41): Illuminate\\Container\\BoundMethod::Illuminate\\Container\\{closure}()
#23 D:\\AungKyawHtwe\\Projects\\TableEZ\\TableEZ\\backend\\vendor\\laravel\\framework\\src\\Illuminate\\Container\\BoundMethod.php(81): Illuminate\\Container\\Util::unwrapIfClosure(Object(Closure))
#24 D:\\AungKyawHtwe\\Projects\\TableEZ\\TableEZ\\backend\\vendor\\laravel\\framework\\src\\Illuminate\\Container\\BoundMethod.php(35): Illuminate\\Container\\BoundMethod::callBoundMethod(Object(Illuminate\\Foundation\\Application), Object(Closure), Object(Closure))
#25 D:\\AungKyawHtwe\\Projects\\TableEZ\\TableEZ\\backend\\vendor\\laravel\\framework\\src\\Illuminate\\Container\\Container.php(662): Illuminate\\Container\\BoundMethod::call(Object(Illuminate\\Foundation\\Application), Object(Closure), Array, NULL)
#26 D:\\AungKyawHtwe\\Projects\\TableEZ\\TableEZ\\backend\\vendor\\laravel\\framework\\src\\Illuminate\\Foundation\\Support\\Providers\\RouteServiceProvider.php(162): Illuminate\\Container\\Container->call(Object(Closure))
#27 D:\\AungKyawHtwe\\Projects\\TableEZ\\TableEZ\\backend\\vendor\\laravel\\framework\\src\\Illuminate\\Foundation\\Support\\Providers\\RouteServiceProvider.php(59): Illuminate\\Foundation\\Support\\Providers\\RouteServiceProvider->loadRoutes()
#28 D:\\AungKyawHtwe\\Projects\\TableEZ\\TableEZ\\backend\\vendor\\laravel\\framework\\src\\Illuminate\\Container\\BoundMethod.php(36): Illuminate\\Foundation\\Support\\Providers\\RouteServiceProvider->Illuminate\\Foundation\\Support\\Providers\\{closure}()
#29 D:\\AungKyawHtwe\\Projects\\TableEZ\\TableEZ\\backend\\vendor\\laravel\\framework\\src\\Illuminate\\Container\\Util.php(41): Illuminate\\Container\\BoundMethod::Illuminate\\Container\\{closure}()
#30 D:\\AungKyawHtwe\\Projects\\TableEZ\\TableEZ\\backend\\vendor\\laravel\\framework\\src\\Illuminate\\Container\\BoundMethod.php(81): Illuminate\\Container\\Util::unwrapIfClosure(Object(Closure))
#31 D:\\AungKyawHtwe\\Projects\\TableEZ\\TableEZ\\backend\\vendor\\laravel\\framework\\src\\Illuminate\\Container\\BoundMethod.php(35): Illuminate\\Container\\BoundMethod::callBoundMethod(Object(Illuminate\\Foundation\\Application), Object(Closure), Object(Closure))
#32 D:\\AungKyawHtwe\\Projects\\TableEZ\\TableEZ\\backend\\vendor\\laravel\\framework\\src\\Illuminate\\Container\\Container.php(662): Illuminate\\Container\\BoundMethod::call(Object(Illuminate\\Foundation\\Application), Object(Closure), Array, NULL)
#33 D:\\AungKyawHtwe\\Projects\\TableEZ\\TableEZ\\backend\\vendor\\laravel\\framework\\src\\Illuminate\\Support\\ServiceProvider.php(126): Illuminate\\Container\\Container->call(Object(Closure))
#34 D:\\AungKyawHtwe\\Projects\\TableEZ\\TableEZ\\backend\\vendor\\laravel\\framework\\src\\Illuminate\\Foundation\\Application.php(1110): Illuminate\\Support\\ServiceProvider->callBootedCallbacks()
#35 D:\\AungKyawHtwe\\Projects\\TableEZ\\TableEZ\\backend\\vendor\\laravel\\framework\\src\\Illuminate\\Foundation\\Application.php(1088): Illuminate\\Foundation\\Application->bootProvider(Object(Illuminate\\Foundation\\Support\\Providers\\RouteServiceProvider))
#36 [internal function]: Illuminate\\Foundation\\Application->Illuminate\\Foundation\\{closure}(Object(Illuminate\\Foundation\\Support\\Providers\\RouteServiceProvider), 'Illuminate\\\\Foun...')
#37 D:\\AungKyawHtwe\\Projects\\TableEZ\\TableEZ\\backend\\vendor\\laravel\\framework\\src\\Illuminate\\Foundation\\Application.php(1087): array_walk(Array, Object(Closure))
#38 D:\\AungKyawHtwe\\Projects\\TableEZ\\TableEZ\\backend\\vendor\\laravel\\framework\\src\\Illuminate\\Foundation\\Bootstrap\\BootProviders.php(17): Illuminate\\Foundation\\Application->boot()
#39 D:\\AungKyawHtwe\\Projects\\TableEZ\\TableEZ\\backend\\vendor\\laravel\\framework\\src\\Illuminate\\Foundation\\Application.php(309): Illuminate\\Foundation\\Bootstrap\\BootProviders->bootstrap(Object(Illuminate\\Foundation\\Application))
#40 D:\\AungKyawHtwe\\Projects\\TableEZ\\TableEZ\\backend\\vendor\\laravel\\framework\\src\\Illuminate\\Foundation\\Console\\Kernel.php(470): Illuminate\\Foundation\\Application->bootstrapWith(Array)
#41 D:\\AungKyawHtwe\\Projects\\TableEZ\\TableEZ\\backend\\vendor\\laravel\\framework\\src\\Illuminate\\Foundation\\Console\\Kernel.php(194): Illuminate\\Foundation\\Console\\Kernel->bootstrap()
#42 D:\\AungKyawHtwe\\Projects\\TableEZ\\TableEZ\\backend\\vendor\\laravel\\framework\\src\\Illuminate\\Foundation\\Application.php(1191): Illuminate\\Foundation\\Console\\Kernel->handle(Object(Symfony\\Component\\Console\\Input\\ArgvInput), Object(Symfony\\Component\\Console\\Output\\ConsoleOutput))
#43 D:\\AungKyawHtwe\\Projects\\TableEZ\\TableEZ\\backend\\artisan(13): Illuminate\\Foundation\\Application->handleCommand(Object(Symfony\\Component\\Console\\Input\\ArgvInput))
#44 {main}
"} 
[2024-05-30 11:18:17] local.ERROR: Array to string conversion {"exception":"[object] (ErrorException(code: 0): Array to string conversion at D:\\AungKyawHtwe\\Projects\\TableEZ\\TableEZ\\backend\\vendor\\laravel\\framework\\src\\Illuminate\\Routing\\ResourceRegistrar.php:616)
[stacktrace]
#0 D:\\AungKyawHtwe\\Projects\\TableEZ\\TableEZ\\backend\\vendor\\laravel\\framework\\src\\Illuminate\\Foundation\\Bootstrap\\HandleExceptions.php(256): Illuminate\\Foundation\\Bootstrap\\HandleExceptions->handleError(2, 'Array to string...', 'D:\\\\AungKyawHtwe...', 616)
#1 D:\\AungKyawHtwe\\Projects\\TableEZ\\TableEZ\\backend\\vendor\\laravel\\framework\\src\\Illuminate\\Routing\\ResourceRegistrar.php(616): Illuminate\\Foundation\\Bootstrap\\HandleExceptions->Illuminate\\Foundation\\Bootstrap\\{closure}(2, 'Array to string...', 'D:\\\\AungKyawHtwe...', 616)
#2 D:\\AungKyawHtwe\\Projects\\TableEZ\\TableEZ\\backend\\vendor\\laravel\\framework\\src\\Illuminate\\Routing\\ResourceRegistrar.php(275): Illuminate\\Routing\\ResourceRegistrar->getResourceAction('user', Array, 'index', Array)
#3 D:\\AungKyawHtwe\\Projects\\TableEZ\\TableEZ\\backend\\vendor\\laravel\\framework\\src\\Illuminate\\Routing\\ResourceRegistrar.php(107): Illuminate\\Routing\\ResourceRegistrar->addResourceIndex('user', 'user', Array, Array)
#4 D:\\AungKyawHtwe\\Projects\\TableEZ\\TableEZ\\backend\\vendor\\laravel\\framework\\src\\Illuminate\\Routing\\PendingResourceRegistration.php(252): Illuminate\\Routing\\ResourceRegistrar->register('user', Array, Array)
#5 D:\\AungKyawHtwe\\Projects\\TableEZ\\TableEZ\\backend\\vendor\\laravel\\framework\\src\\Illuminate\\Routing\\PendingResourceRegistration.php(265): Illuminate\\Routing\\PendingResourceRegistration->register()
#6 D:\\AungKyawHtwe\\Projects\\TableEZ\\TableEZ\\backend\\vendor\\laravel\\framework\\src\\Illuminate\\Routing\\Router.php(341): Illuminate\\Routing\\PendingResourceRegistration->__destruct()
#7 D:\\AungKyawHtwe\\Projects\\TableEZ\\TableEZ\\backend\\vendor\\laravel\\framework\\src\\Illuminate\\Routing\\ResourceRegistrar.php(192): Illuminate\\Routing\\Router->resource('user', Array, Array)
#8 D:\\AungKyawHtwe\\Projects\\TableEZ\\TableEZ\\backend\\vendor\\laravel\\framework\\src\\Illuminate\\Routing\\Router.php(509): Illuminate\\Routing\\ResourceRegistrar->Illuminate\\Routing\\{closure}(Object(Illuminate\\Routing\\Router))
#9 D:\\AungKyawHtwe\\Projects\\TableEZ\\TableEZ\\backend\\vendor\\laravel\\framework\\src\\Illuminate\\Routing\\Router.php(465): Illuminate\\Routing\\Router->loadRoutes(Object(Closure))
#10 D:\\AungKyawHtwe\\Projects\\TableEZ\\TableEZ\\backend\\vendor\\laravel\\framework\\src\\Illuminate\\Routing\\ResourceRegistrar.php(195): Illuminate\\Routing\\Router->group(Array, Object(Closure))
#11 D:\\AungKyawHtwe\\Projects\\TableEZ\\TableEZ\\backend\\vendor\\laravel\\framework\\src\\Illuminate\\Routing\\ResourceRegistrar.php(90): Illuminate\\Routing\\ResourceRegistrar->prefixedResource('user', Array, Array)
#12 D:\\AungKyawHtwe\\Projects\\TableEZ\\TableEZ\\backend\\vendor\\laravel\\framework\\src\\Illuminate\\Routing\\PendingResourceRegistration.php(252): Illuminate\\Routing\\ResourceRegistrar->register('/user', Array, Array)
#13 D:\\AungKyawHtwe\\Projects\\TableEZ\\TableEZ\\backend\\vendor\\laravel\\framework\\src\\Illuminate\\Routing\\PendingResourceRegistration.php(265): Illuminate\\Routing\\PendingResourceRegistration->register()
#14 D:\\AungKyawHtwe\\Projects\\TableEZ\\TableEZ\\backend\\vendor\\laravel\\framework\\src\\Illuminate\\Support\\Facades\\Facade.php(357): Illuminate\\Routing\\PendingResourceRegistration->__destruct()
#15 D:\\AungKyawHtwe\\Projects\\TableEZ\\TableEZ\\backend\\routes\\api.php(22): Illuminate\\Support\\Facades\\Facade::__callStatic('resource', Array)
#16 D:\\AungKyawHtwe\\Projects\\TableEZ\\TableEZ\\backend\\vendor\\laravel\\framework\\src\\Illuminate\\Routing\\RouteFileRegistrar.php(35): require('D:\\\\AungKyawHtwe...')
#17 D:\\AungKyawHtwe\\Projects\\TableEZ\\TableEZ\\backend\\vendor\\laravel\\framework\\src\\Illuminate\\Routing\\Router.php(511): Illuminate\\Routing\\RouteFileRegistrar->register('D:\\\\AungKyawHtwe...')
#18 D:\\AungKyawHtwe\\Projects\\TableEZ\\TableEZ\\backend\\vendor\\laravel\\framework\\src\\Illuminate\\Routing\\Router.php(465): Illuminate\\Routing\\Router->loadRoutes('D:\\\\AungKyawHtwe...')
#19 D:\\AungKyawHtwe\\Projects\\TableEZ\\TableEZ\\backend\\vendor\\laravel\\framework\\src\\Illuminate\\Routing\\RouteRegistrar.php(194): Illuminate\\Routing\\Router->group(Array, 'D:\\\\AungKyawHtwe...')
#20 D:\\AungKyawHtwe\\Projects\\TableEZ\\TableEZ\\backend\\vendor\\laravel\\framework\\src\\Illuminate\\Foundation\\Configuration\\ApplicationBuilder.php(201): Illuminate\\Routing\\RouteRegistrar->group('D:\\\\AungKyawHtwe...')
#21 D:\\AungKyawHtwe\\Projects\\TableEZ\\TableEZ\\backend\\vendor\\laravel\\framework\\src\\Illuminate\\Container\\BoundMethod.php(36): Illuminate\\Foundation\\Configuration\\ApplicationBuilder->Illuminate\\Foundation\\Configuration\\{closure}()
#22 D:\\AungKyawHtwe\\Projects\\TableEZ\\TableEZ\\backend\\vendor\\laravel\\framework\\src\\Illuminate\\Container\\Util.php(41): Illuminate\\Container\\BoundMethod::Illuminate\\Container\\{closure}()
#23 D:\\AungKyawHtwe\\Projects\\TableEZ\\TableEZ\\backend\\vendor\\laravel\\framework\\src\\Illuminate\\Container\\BoundMethod.php(81): Illuminate\\Container\\Util::unwrapIfClosure(Object(Closure))
#24 D:\\AungKyawHtwe\\Projects\\TableEZ\\TableEZ\\backend\\vendor\\laravel\\framework\\src\\Illuminate\\Container\\BoundMethod.php(35): Illuminate\\Container\\BoundMethod::callBoundMethod(Object(Illuminate\\Foundation\\Application), Object(Closure), Object(Closure))
#25 D:\\AungKyawHtwe\\Projects\\TableEZ\\TableEZ\\backend\\vendor\\laravel\\framework\\src\\Illuminate\\Container\\Container.php(662): Illuminate\\Container\\BoundMethod::call(Object(Illuminate\\Foundation\\Application), Object(Closure), Array, NULL)
#26 D:\\AungKyawHtwe\\Projects\\TableEZ\\TableEZ\\backend\\vendor\\laravel\\framework\\src\\Illuminate\\Foundation\\Support\\Providers\\RouteServiceProvider.php(162): Illuminate\\Container\\Container->call(Object(Closure))
#27 D:\\AungKyawHtwe\\Projects\\TableEZ\\TableEZ\\backend\\vendor\\laravel\\framework\\src\\Illuminate\\Foundation\\Support\\Providers\\RouteServiceProvider.php(59): Illuminate\\Foundation\\Support\\Providers\\RouteServiceProvider->loadRoutes()
#28 D:\\AungKyawHtwe\\Projects\\TableEZ\\TableEZ\\backend\\vendor\\laravel\\framework\\src\\Illuminate\\Container\\BoundMethod.php(36): Illuminate\\Foundation\\Support\\Providers\\RouteServiceProvider->Illuminate\\Foundation\\Support\\Providers\\{closure}()
#29 D:\\AungKyawHtwe\\Projects\\TableEZ\\TableEZ\\backend\\vendor\\laravel\\framework\\src\\Illuminate\\Container\\Util.php(41): Illuminate\\Container\\BoundMethod::Illuminate\\Container\\{closure}()
#30 D:\\AungKyawHtwe\\Projects\\TableEZ\\TableEZ\\backend\\vendor\\laravel\\framework\\src\\Illuminate\\Container\\BoundMethod.php(81): Illuminate\\Container\\Util::unwrapIfClosure(Object(Closure))
#31 D:\\AungKyawHtwe\\Projects\\TableEZ\\TableEZ\\backend\\vendor\\laravel\\framework\\src\\Illuminate\\Container\\BoundMethod.php(35): Illuminate\\Container\\BoundMethod::callBoundMethod(Object(Illuminate\\Foundation\\Application), Object(Closure), Object(Closure))
#32 D:\\AungKyawHtwe\\Projects\\TableEZ\\TableEZ\\backend\\vendor\\laravel\\framework\\src\\Illuminate\\Container\\Container.php(662): Illuminate\\Container\\BoundMethod::call(Object(Illuminate\\Foundation\\Application), Object(Closure), Array, NULL)
#33 D:\\AungKyawHtwe\\Projects\\TableEZ\\TableEZ\\backend\\vendor\\laravel\\framework\\src\\Illuminate\\Support\\ServiceProvider.php(126): Illuminate\\Container\\Container->call(Object(Closure))
#34 D:\\AungKyawHtwe\\Projects\\TableEZ\\TableEZ\\backend\\vendor\\laravel\\framework\\src\\Illuminate\\Foundation\\Application.php(1110): Illuminate\\Support\\ServiceProvider->callBootedCallbacks()
#35 D:\\AungKyawHtwe\\Projects\\TableEZ\\TableEZ\\backend\\vendor\\laravel\\framework\\src\\Illuminate\\Foundation\\Application.php(1088): Illuminate\\Foundation\\Application->bootProvider(Object(Illuminate\\Foundation\\Support\\Providers\\RouteServiceProvider))
#36 [internal function]: Illuminate\\Foundation\\Application->Illuminate\\Foundation\\{closure}(Object(Illuminate\\Foundation\\Support\\Providers\\RouteServiceProvider), 'Illuminate\\\\Foun...')
#37 D:\\AungKyawHtwe\\Projects\\TableEZ\\TableEZ\\backend\\vendor\\laravel\\framework\\src\\Illuminate\\Foundation\\Application.php(1087): array_walk(Array, Object(Closure))
#38 D:\\AungKyawHtwe\\Projects\\TableEZ\\TableEZ\\backend\\vendor\\laravel\\framework\\src\\Illuminate\\Foundation\\Bootstrap\\BootProviders.php(17): Illuminate\\Foundation\\Application->boot()
#39 D:\\AungKyawHtwe\\Projects\\TableEZ\\TableEZ\\backend\\vendor\\laravel\\framework\\src\\Illuminate\\Foundation\\Application.php(309): Illuminate\\Foundation\\Bootstrap\\BootProviders->bootstrap(Object(Illuminate\\Foundation\\Application))
#40 D:\\AungKyawHtwe\\Projects\\TableEZ\\TableEZ\\backend\\vendor\\laravel\\framework\\src\\Illuminate\\Foundation\\Console\\Kernel.php(470): Illuminate\\Foundation\\Application->bootstrapWith(Array)
#41 D:\\AungKyawHtwe\\Projects\\TableEZ\\TableEZ\\backend\\vendor\\laravel\\framework\\src\\Illuminate\\Foundation\\Console\\Kernel.php(194): Illuminate\\Foundation\\Console\\Kernel->bootstrap()
#42 D:\\AungKyawHtwe\\Projects\\TableEZ\\TableEZ\\backend\\vendor\\laravel\\framework\\src\\Illuminate\\Foundation\\Application.php(1191): Illuminate\\Foundation\\Console\\Kernel->handle(Object(Symfony\\Component\\Console\\Input\\ArgvInput), Object(Symfony\\Component\\Console\\Output\\ConsoleOutput))
#43 D:\\AungKyawHtwe\\Projects\\TableEZ\\TableEZ\\backend\\artisan(13): Illuminate\\Foundation\\Application->handleCommand(Object(Symfony\\Component\\Console\\Input\\ArgvInput))
#44 {main}
"} 
